Linked: (/home/jorge/Development/ros/catkin_ws/devel/.private/rj_training/include/rj_training/StringWithHeader.h, /home/jorge/Development/ros/catkin_ws/devel/include/rj_training/StringWithHeader.h)
Linked: (/home/jorge/Development/ros/catkin_ws/devel/.private/rj_training/lib/pkgconfig/rj_training.pc, /home/jorge/Development/ros/catkin_ws/devel/lib/pkgconfig/rj_training.pc)
Linked: (/home/jorge/Development/ros/catkin_ws/devel/.private/rj_training/lib/rj_training/listener_node, /home/jorge/Development/ros/catkin_ws/devel/lib/rj_training/listener_node)
Linked: (/home/jorge/Development/ros/catkin_ws/devel/.private/rj_training/lib/rj_training/lisener_node, /home/jorge/Development/ros/catkin_ws/devel/lib/rj_training/lisener_node)
Linked: (/home/jorge/Development/ros/catkin_ws/devel/.private/rj_training/lib/rj_training/talker_node, /home/jorge/Development/ros/catkin_ws/devel/lib/rj_training/talker_node)
Linked: (/home/jorge/Development/ros/catkin_ws/devel/.private/rj_training/lib/python3/dist-packages/rj_training/__init__.py, /home/jorge/Development/ros/catkin_ws/devel/lib/python3/dist-packages/rj_training/__init__.py)
Linked: (/home/jorge/Development/ros/catkin_ws/devel/.private/rj_training/lib/python3/dist-packages/rj_training/msg/__init__.py, /home/jorge/Development/ros/catkin_ws/devel/lib/python3/dist-packages/rj_training/msg/__init__.py)
Linked: (/home/jorge/Development/ros/catkin_ws/devel/.private/rj_training/lib/python3/dist-packages/rj_training/msg/_StringWithHeader.py, /home/jorge/Development/ros/catkin_ws/devel/lib/python3/dist-packages/rj_training/msg/_StringWithHeader.py)
Linked: (/home/jorge/Development/ros/catkin_ws/devel/.private/rj_training/share/common-lisp/ros/rj_training/msg/rj_training-msg.asd, /home/jorge/Development/ros/catkin_ws/devel/share/common-lisp/ros/rj_training/msg/rj_training-msg.asd)
Linked: (/home/jorge/Development/ros/catkin_ws/devel/.private/rj_training/share/common-lisp/ros/rj_training/msg/_package_StringWithHeader.lisp, /home/jorge/Development/ros/catkin_ws/devel/share/common-lisp/ros/rj_training/msg/_package_StringWithHeader.lisp)
Linked: (/home/jorge/Development/ros/catkin_ws/devel/.private/rj_training/share/common-lisp/ros/rj_training/msg/_package.lisp, /home/jorge/Development/ros/catkin_ws/devel/share/common-lisp/ros/rj_training/msg/_package.lisp)
Linked: (/home/jorge/Development/ros/catkin_ws/devel/.private/rj_training/share/common-lisp/ros/rj_training/msg/StringWithHeader.lisp, /home/jorge/Development/ros/catkin_ws/devel/share/common-lisp/ros/rj_training/msg/StringWithHeader.lisp)
Linked: (/home/jorge/Development/ros/catkin_ws/devel/.private/rj_training/share/gennodejs/ros/rj_training/_index.js, /home/jorge/Development/ros/catkin_ws/devel/share/gennodejs/ros/rj_training/_index.js)
Linked: (/home/jorge/Development/ros/catkin_ws/devel/.private/rj_training/share/gennodejs/ros/rj_training/msg/_index.js, /home/jorge/Development/ros/catkin_ws/devel/share/gennodejs/ros/rj_training/msg/_index.js)
Linked: (/home/jorge/Development/ros/catkin_ws/devel/.private/rj_training/share/gennodejs/ros/rj_training/msg/StringWithHeader.js, /home/jorge/Development/ros/catkin_ws/devel/share/gennodejs/ros/rj_training/msg/StringWithHeader.js)
Linked: (/home/jorge/Development/ros/catkin_ws/devel/.private/rj_training/share/rj_training/cmake/rj_training-msg-paths.cmake, /home/jorge/Development/ros/catkin_ws/devel/share/rj_training/cmake/rj_training-msg-paths.cmake)
Linked: (/home/jorge/Development/ros/catkin_ws/devel/.private/rj_training/share/rj_training/cmake/rj_trainingConfig.cmake, /home/jorge/Development/ros/catkin_ws/devel/share/rj_training/cmake/rj_trainingConfig.cmake)
Linked: (/home/jorge/Development/ros/catkin_ws/devel/.private/rj_training/share/rj_training/cmake/rj_trainingConfig-version.cmake, /home/jorge/Development/ros/catkin_ws/devel/share/rj_training/cmake/rj_trainingConfig-version.cmake)
Linked: (/home/jorge/Development/ros/catkin_ws/devel/.private/rj_training/share/rj_training/cmake/rj_training-msg-extras.cmake, /home/jorge/Development/ros/catkin_ws/devel/share/rj_training/cmake/rj_training-msg-extras.cmake)
Linked: (/home/jorge/Development/ros/catkin_ws/devel/.private/rj_training/share/roseus/ros/rj_training/manifest.l, /home/jorge/Development/ros/catkin_ws/devel/share/roseus/ros/rj_training/manifest.l)
Linked: (/home/jorge/Development/ros/catkin_ws/devel/.private/rj_training/share/roseus/ros/rj_training/msg/StringWithHeader.l, /home/jorge/Development/ros/catkin_ws/devel/share/roseus/ros/rj_training/msg/StringWithHeader.l)
